  CutScene.cpp
  EndScene.cpp
d:\ㅁㅇ\휴지통\고등학교\rockfall\rockfall\endscene.cpp(21): warning C4244: '=': 'int'에서 'FLOAT'(으)로 변환하면서 데이터가 손실될 수 있습니다.
  EnemyESpawner.cpp
d:\ㅁㅇ\휴지통\고등학교\rockfall\rockfall\enemyespawner.cpp(10): warning C4244: '=': 'int'에서 'FLOAT'(으)로 변환하면서 데이터가 손실될 수 있습니다.
d:\ㅁㅇ\휴지통\고등학교\rockfall\rockfall\enemyespawner.cpp(11): warning C4244: '=': 'int'에서 'FLOAT'(으)로 변환하면서 데이터가 손실될 수 있습니다.
  GameScene.cpp
d:\ㅁㅇ\휴지통\고등학교\rockfall\rockfall\gamescene.cpp(21): warning C4244: '=': 'int'에서 'FLOAT'(으)로 변환하면서 데이터가 손실될 수 있습니다.
d:\ㅁㅇ\휴지통\고등학교\rockfall\rockfall\gamescene.cpp(22): warning C4244: '=': 'int'에서 'FLOAT'(으)로 변환하면서 데이터가 손실될 수 있습니다.
d:\ㅁㅇ\휴지통\고등학교\rockfall\rockfall\gamescene.cpp(150): warning C4244: '인수': 'int'에서 'FLOAT'(으)로 변환하면서 데이터가 손실될 수 있습니다.
d:\ㅁㅇ\휴지통\고등학교\rockfall\rockfall\gamescene.cpp(151): warning C4244: '인수': 'int'에서 'FLOAT'(으)로 변환하면서 데이터가 손실될 수 있습니다.
  Skill.cpp
d:\ㅁㅇ\휴지통\고등학교\rockfall\rockfall\skill.cpp(59): warning C4244: '인수': 'int'에서 'FLOAT'(으)로 변환하면서 데이터가 손실될 수 있습니다.
d:\ㅁㅇ\휴지통\고등학교\rockfall\rockfall\skill.cpp(60): warning C4244: '인수': 'int'에서 'FLOAT'(으)로 변환하면서 데이터가 손실될 수 있습니다.
  SkillA.cpp
d:\ㅁㅇ\휴지통\고등학교\rockfall\rockfall\skilla.cpp(8): warning C4244: '=': 'int'에서 'FLOAT'(으)로 변환하면서 데이터가 손실될 수 있습니다.
d:\ㅁㅇ\휴지통\고등학교\rockfall\rockfall\skilla.cpp(9): warning C4244: '=': 'int'에서 'FLOAT'(으)로 변환하면서 데이터가 손실될 수 있습니다.
  SkillB.cpp
d:\ㅁㅇ\휴지통\고등학교\rockfall\rockfall\skillb.cpp(7): warning C4244: '=': 'int'에서 'FLOAT'(으)로 변환하면서 데이터가 손실될 수 있습니다.
d:\ㅁㅇ\휴지통\고등학교\rockfall\rockfall\skillb.cpp(8): warning C4244: '=': 'int'에서 'FLOAT'(으)로 변환하면서 데이터가 손실될 수 있습니다.
  SkillC.cpp
d:\ㅁㅇ\휴지통\고등학교\rockfall\rockfall\skillc.cpp(8): warning C4244: '=': 'int'에서 'FLOAT'(으)로 변환하면서 데이터가 손실될 수 있습니다.
d:\ㅁㅇ\휴지통\고등학교\rockfall\rockfall\skillc.cpp(9): warning C4244: '=': 'int'에서 'FLOAT'(으)로 변환하면서 데이터가 손실될 수 있습니다.
  SkillManager.cpp
  TitleScene.cpp
d:\ㅁㅇ\휴지통\고등학교\rockfall\rockfall\titlescene.cpp(16): warning C4244: '=': 'int'에서 'FLOAT'(으)로 변환하면서 데이터가 손실될 수 있습니다.
  myFunction.cpp
d:\ㅁㅇ\휴지통\고등학교\rockfall\rockfall\myfunction.cpp(75): warning C4244: '초기화 중': 'double'에서 'float'(으)로 변환하면서 데이터가 손실될 수 있습니다.
  코드를 생성하고 있습니다.
  22 of 443 functions ( 5.0%) were compiled, the rest were copied from previous compilation.
    0 functions were new in current compilation
    39 functions had inline decision re-evaluated but remain unchanged
  코드를 생성했습니다.
  ROCKFALL.vcxproj -> D:\ㅁㅇ\휴지통\고등학교\ROCKFALL\Release\ROCKFALL.exe
